<?xml version="1.0" encoding="UTF-8"?>
<!-- Generated by org.testng.reporters.JUnitXMLReporter -->
<testsuite ignored="0" hostname="DESKTOP-P1NO4D4" failures="3" tests="9" name="Test" time="122.886" errors="0" timestamp="2024-11-11T15:58:35 IST">
  <testcase classname="HomePage.LoginSignUpFunctionality" name="Login" time="16.277"/>
  <testcase classname="HomePage.LoginSignUpFunctionality" name="invalidcredentials" time="11.643"/>
  <testcase classname="HomePage.LoginSignUpFunctionality" name="logout" time="13.441"/>
  <testcase classname="HomePage.BasicAuthentication" name="Authenction" time="14.785"/>
  <testcase classname="HomePage.BasicAuthentication" name="LinkBrokenTest" time="7.826">
    <failure type="java.lang.AssertionError" message="expected [200] but found [401]">
      <![CDATA[java.lang.AssertionError: expected [200] but found [401]
at HomePage.BasicAuthentication.LinkBrokenTest(BasicAuthentication.java:76)
at java.base/java.util.ArrayList.forEach(ArrayList.java:1596)
at java.base/java.util.concurrent.FutureTask.run(FutureTask.java:317)
at java.base/java.util.concurrent.ThreadPoolExecutor.runWorker(ThreadPoolExecutor.java:1144)
at java.base/java.util.concurrent.ThreadPoolExecutor$Worker.run(ThreadPoolExecutor.java:642)
at java.base/java.lang.Thread.run(Thread.java:1583)
... Removed 21 stack frames]]>
    </failure>
  </testcase> <!-- LinkBrokenTest -->
  <testcase classname="HomePage.BasicAuthentication" name="SlowNetworkSpeed" time="24.728"/>
  <testcase classname="HomePage.BasicAuthentication" name="geoLocation" time="14.534">
    <failure type="java.lang.AssertionError" message="expected [Fərq edin] but found [Make a difference]">
      <![CDATA[java.lang.AssertionError: expected [Fərq edin] but found [Make a difference]
at HomePage.BasicAuthentication.geoLocation(BasicAuthentication.java:119)
at java.base/java.util.ArrayList.forEach(ArrayList.java:1596)
at java.base/java.util.concurrent.FutureTask.run(FutureTask.java:317)
at java.base/java.util.concurrent.ThreadPoolExecutor.runWorker(ThreadPoolExecutor.java:1144)
at java.base/java.util.concurrent.ThreadPoolExecutor$Worker.run(ThreadPoolExecutor.java:642)
at java.base/java.lang.Thread.run(Thread.java:1583)
... Removed 22 stack frames]]>
    </failure>
  </testcase> <!-- geoLocation -->
  <testcase classname="HomePage.BasicAuthentication" name="mobileEmulate" time="10.477"/>
  <testcase classname="HomePage.BasicAuthentication" name="titleVerification" time="9.065">
    <failure type="java.lang.AssertionError" message="expected [Sign Up] but found [Maanch | Trust. Technology. Traction.]">
      <![CDATA[java.lang.AssertionError: expected [Sign Up] but found [Maanch | Trust. Technology. Traction.]
at HomePage.BasicAuthentication.titleVerification(BasicAuthentication.java:97)
at java.base/java.util.ArrayList.forEach(ArrayList.java:1596)
at java.base/java.util.concurrent.FutureTask.run(FutureTask.java:317)
at java.base/java.util.concurrent.ThreadPoolExecutor.runWorker(ThreadPoolExecutor.java:1144)
at java.base/java.util.concurrent.ThreadPoolExecutor$Worker.run(ThreadPoolExecutor.java:642)
at java.base/java.lang.Thread.run(Thread.java:1583)
... Removed 22 stack frames]]>
    </failure>
  </testcase> <!-- titleVerification -->
</testsuite> <!-- Test -->
